0 info it worked if it ends with ok
1 verbose cli [ 'C:\\Program Files\\nodejs\\node.exe',
1 verbose cli   'C:\\Program Files\\nodejs\\node_modules\\npm\\bin\\npm-cli.js',
1 verbose cli   'start' ]
2 info using npm@3.10.10
3 info using node@v6.9.4
4 verbose run-script [ 'prestart', 'start', 'poststart' ]
5 info lifecycle async@0.0.1~prestart: async@0.0.1
6 silly lifecycle async@0.0.1~prestart: no script for prestart, continuing
7 info lifecycle async@0.0.1~start: async@0.0.1
8 verbose lifecycle async@0.0.1~start: unsafe-perm in lifecycle true
9 verbose lifecycle async@0.0.1~start: PATH: C:\Program Files\nodejs\node_modules\npm\bin\node-gyp-bin;C:\Users\Tim\WebstormProjects\redux-async\node_modules\.bin;C:\Python27\;C:\Python27\Scripts;C:\Program Files (x86)\NVIDIA Corporation\PhysX\Common;C:\Program Files\ImageMagick-7.0.2-Q16;C:\ProgramData\Oracle\Java\javapath;C:\Windows\system32;C:\Windows;C:\Windows\System32\Wbem;C:\Windows\System32\WindowsPowerShell\v1.0\;C:\Program Files (x86)\ATI Technologies\ATI.ACE\Core-Static;C:\Program Files (x86)\AMD\ATI.ACE\Core-Static;C:\Program Files (x86)\Skype\Phone\;C:\Strawberry\c\bin;C:\Strawberry\perl\site\bin;C:\Strawberry\perl\bin;C:\Program Files\nodejs\;C:\Program Files (x86)\sbt\bin;C:\Program Files\Git\bin;C:\Program Files\Git\cmd;C:\Program Files (x86)\PuTTY\;C:\Program Files (x86)\Sophos\Sophos SSL VPN Client\bin;C:\Users\Tim\AppData\Roaming\npm;C:\Program Files\Git\cmd
10 verbose lifecycle async@0.0.1~start: CWD: C:\Users\Tim\WebstormProjects\redux-async
11 silly lifecycle async@0.0.1~start: Args: [ '/d /s /c', 'react-scripts start' ]
12 silly lifecycle async@0.0.1~start: Returned: code: 3221225786  signal: null
13 info lifecycle async@0.0.1~start: Failed to exec start script
14 verbose stack Error: async@0.0.1 start: `react-scripts start`
14 verbose stack Exit status 3221225786
14 verbose stack     at EventEmitter.<anonymous> (C:\Program Files\nodejs\node_modules\npm\lib\utils\lifecycle.js:255:16)
14 verbose stack     at emitTwo (events.js:106:13)
14 verbose stack     at EventEmitter.emit (events.js:191:7)
14 verbose stack     at ChildProcess.<anonymous> (C:\Program Files\nodejs\node_modules\npm\lib\utils\spawn.js:40:14)
14 verbose stack     at emitTwo (events.js:106:13)
14 verbose stack     at ChildProcess.emit (events.js:191:7)
14 verbose stack     at maybeClose (internal/child_process.js:877:16)
14 verbose stack     at Process.ChildProcess._handle.onexit (internal/child_process.js:226:5)
15 verbose pkgid async@0.0.1
16 verbose cwd C:\Users\Tim\WebstormProjects\redux-async
17 error Windows_NT 6.3.9600
18 error argv "C:\\Program Files\\nodejs\\node.exe" "C:\\Program Files\\nodejs\\node_modules\\npm\\bin\\npm-cli.js" "start"
19 error node v6.9.4
20 error npm  v3.10.10
21 error code ELIFECYCLE
22 error async@0.0.1 start: `react-scripts start`
22 error Exit status 3221225786
23 error Failed at the async@0.0.1 start script 'react-scripts start'.
23 error Make sure you have the latest version of node.js and npm installed.
23 error If you do, this is most likely a problem with the async package,
23 error not with npm itself.
23 error Tell the author that this fails on your system:
23 error     react-scripts start
23 error You can get information on how to open an issue for this project with:
23 error     npm bugs async
23 error Or if that isn't available, you can get their info via:
23 error     npm owner ls async
23 error There is likely additional logging output above.
24 verbose exit [ 1, true ]
